<?xml version="1.0" encoding="UTF-8"?>
<testng-results skipped="0" failed="0" total="5" passed="5">
  <reporter-output>
  </reporter-output>
  <suite name="Default suite" duration-ms="21905" started-at="2018-05-15T06:37:29Z" finished-at="2018-05-15T06:37:51Z">
    <groups>
    </groups>
    <test name="Default test" duration-ms="21905" started-at="2018-05-15T06:37:29Z" finished-at="2018-05-15T06:37:51Z">
      <class name="test.java.testCases.newTestCase">
        <test-method status="PASS" signature="setup()[pri:0, instance:test.java.testCases.newTestCase@66a3ffec]" name="setup" is-config="true" duration-ms="9064" started-at="2018-05-15T12:07:29Z" finished-at="2018-05-15T12:07:38Z">
          <reporter-output>
          </reporter-output>
        </test-method> <!-- setup -->
        <test-method status="PASS" signature="registerCustomer(java.lang.String)[pri:0, instance:test.java.testCases.newTestCase@66a3ffec]" name="registerCustomer" duration-ms="4383" started-at="2018-05-15T12:07:38Z" data-provider="dp" finished-at="2018-05-15T12:07:42Z">
          <params>
            <param index="0">
              <value>
                <![CDATA[U001]]>
              </value>
            </param>
          </params>
          <reporter-output>
          </reporter-output>
        </test-method> <!-- registerCustomer -->
        <test-method status="PASS" signature="registerCustomer(java.lang.String)[pri:0, instance:test.java.testCases.newTestCase@66a3ffec]" name="registerCustomer" duration-ms="2285" started-at="2018-05-15T12:07:42Z" data-provider="dp" finished-at="2018-05-15T12:07:45Z">
          <params>
            <param index="0">
              <value>
                <![CDATA[U002]]>
              </value>
            </param>
          </params>
          <reporter-output>
          </reporter-output>
        </test-method> <!-- registerCustomer -->
        <test-method status="PASS" signature="registerCustomer(java.lang.String)[pri:0, instance:test.java.testCases.newTestCase@66a3ffec]" name="registerCustomer" duration-ms="2130" started-at="2018-05-15T12:07:45Z" data-provider="dp" finished-at="2018-05-15T12:07:47Z">
          <params>
            <param index="0">
              <value>
                <![CDATA[U003]]>
              </value>
            </param>
          </params>
          <reporter-output>
          </reporter-output>
        </test-method> <!-- registerCustomer -->
        <test-method status="PASS" signature="performLogin(java.lang.String)[pri:0, instance:test.java.testCases.newTestCase@66a3ffec]" name="performLogin" duration-ms="1353" started-at="2018-05-15T12:07:47Z" data-provider="dp" finished-at="2018-05-15T12:07:48Z">
          <params>
            <param index="0">
              <value>
                <![CDATA[U001]]>
              </value>
            </param>
          </params>
          <reporter-output>
          </reporter-output>
        </test-method> <!-- performLogin -->
        <test-method status="PASS" signature="updatePhoneNumber(java.lang.String)[pri:0, instance:test.java.testCases.newTestCase@66a3ffec]" name="updatePhoneNumber" duration-ms="1382" started-at="2018-05-15T12:07:48Z" data-provider="dp" finished-at="2018-05-15T12:07:49Z">
          <params>
            <param index="0">
              <value>
                <![CDATA[U001]]>
              </value>
            </param>
          </params>
          <reporter-output>
          </reporter-output>
        </test-method> <!-- updatePhoneNumber -->
        <test-method status="PASS" signature="tearDown()[pri:0, instance:test.java.testCases.newTestCase@66a3ffec]" name="tearDown" is-config="true" duration-ms="1270" started-at="2018-05-15T12:07:49Z" finished-at="2018-05-15T12:07:51Z">
          <reporter-output>
          </reporter-output>
        </test-method> <!-- tearDown -->
      </class> <!-- test.java.testCases.newTestCase -->
    </test> <!-- Default test -->
  </suite> <!-- Default suite -->
</testng-results>
